android/app/build/intermediates/manifest_merge_blame_file/debug/processDebugMainManifest/manifest-merger-blame-debug-report.txt
1<?xml version="1.0" encoding="utf-8"?>
2<manifest xmlns:android="http://schemas.android.com/apk/res/android"
3    package="com.weeknumber.widget"
4    android:versionCode="2"
5    android:versionName="1.1" >
6
7    <uses-sdk
8        android:minSdkVersion="26"
9        android:targetSdkVersion="34" />
10
11    <uses-permission android:name="android.permission.RECEIVE_BOOT_COMPLETED" />
11-->src/main/AndroidManifest.xml:5:5-81
11-->src/main/AndroidManifest.xml:5:22-78
12    <uses-permission android:name="android.permission.WAKE_LOCK" />
12-->[androidx.work:work-runtime:2.7.1] AndroidManifest.xml:25:5-68
12-->[androidx.work:work-runtime:2.7.1] AndroidManifest.xml:25:22-65
13    <uses-permission android:name="android.permission.ACCESS_NETWORK_STATE" />
13-->[androidx.work:work-runtime:2.7.1] AndroidManifest.xml:26:5-79
13-->[androidx.work:work-runtime:2.7.1] AndroidManifest.xml:26:22-76
14    <uses-permission android:name="android.permission.FOREGROUND_SERVICE" />
14-->[androidx.work:work-runtime:2.7.1] AndroidManifest.xml:28:5-77
14-->[androidx.work:work-runtime:2.7.1] AndroidManifest.xml:28:22-74
15
16    <permission
16-->[androidx.core:core:1.12.0] AndroidManifest.xml:22:5-24:47
17        android:name="com.weeknumber.widget.DYNAMIC_RECEIVER_NOT_EXPORTED_PERMISSION"
17-->[androidx.core:core:1.12.0] AndroidManifest.xml:23:9-81
18        android:protectionLevel="signature" />
18-->[androidx.core:core:1.12.0] AndroidManifest.xml:24:9-44
19
20    <uses-permission android:name="com.weeknumber.widget.DYNAMIC_RECEIVER_NOT_EXPORTED_PERMISSION" />
20-->[androidx.core:core:1.12.0] AndroidManifest.xml:26:5-97
20-->[androidx.core:core:1.12.0] AndroidManifest.xml:26:22-94
21
22    <application
22-->src/main/AndroidManifest.xml:8:5-81:19
23        android:name="com.weeknumber.widget.WeekNumberWidgetApplication"
23-->src/main/AndroidManifest.xml:9:9-52
24        android:allowBackup="true"
24-->src/main/AndroidManifest.xml:10:9-35
25        android:appComponentFactory="androidx.core.app.CoreComponentFactory"
25-->[androidx.core:core:1.12.0] AndroidManifest.xml:28:18-86
26        android:debuggable="true"
27        android:extractNativeLibs="false"
28        android:icon="@mipmap/ic_launcher"
28-->src/main/AndroidManifest.xml:11:9-43
29        android:label="@string/app_name"
29-->src/main/AndroidManifest.xml:12:9-41
30        android:roundIcon="@mipmap/ic_launcher_round"
30-->src/main/AndroidManifest.xml:13:9-54
31        android:supportsRtl="true"
31-->src/main/AndroidManifest.xml:14:9-35
32        android:testOnly="true"
33        android:theme="@style/Theme.WeekNumberWidget" >
33-->src/main/AndroidManifest.xml:15:9-54
34        <activity
34-->src/main/AndroidManifest.xml:18:9-26:20
35            android:name="com.weeknumber.widget.MainActivity"
35-->src/main/AndroidManifest.xml:19:13-41
36            android:exported="true"
36-->src/main/AndroidManifest.xml:20:13-36
37            android:theme="@style/Theme.WeekNumberWidget" >
37-->src/main/AndroidManifest.xml:21:13-58
38            <intent-filter>
38-->src/main/AndroidManifest.xml:22:13-25:29
39                <action android:name="android.intent.action.MAIN" />
39-->src/main/AndroidManifest.xml:23:17-69
39-->src/main/AndroidManifest.xml:23:25-66
40
41                <category android:name="android.intent.category.LAUNCHER" />
41-->src/main/AndroidManifest.xml:24:17-77
41-->src/main/AndroidManifest.xml:24:27-74
42            </intent-filter>
43        </activity>
44        <activity
44-->src/main/AndroidManifest.xml:28:9-32:61
45            android:name="com.weeknumber.widget.AboutActivity"
45-->src/main/AndroidManifest.xml:29:13-42
46            android:exported="false"
46-->src/main/AndroidManifest.xml:30:13-37
47            android:parentActivityName="com.weeknumber.widget.MainActivity"
47-->src/main/AndroidManifest.xml:31:13-55
48            android:theme="@style/Theme.WeekNumberWidget" />
48-->src/main/AndroidManifest.xml:32:13-58
49        <activity
49-->src/main/AndroidManifest.xml:34:9-42:20
50            android:name="com.weeknumber.widget.widget.WidgetConfigureActivity"
50-->src/main/AndroidManifest.xml:35:13-59
51            android:exported="true"
51-->src/main/AndroidManifest.xml:36:13-36
52            android:launchMode="singleTop"
52-->src/main/AndroidManifest.xml:38:13-43
53            android:theme="@style/Theme.WeekNumberWidget" >
53-->src/main/AndroidManifest.xml:37:13-58
54            <intent-filter>
54-->src/main/AndroidManifest.xml:39:13-41:29
55                <action android:name="android.appwidget.action.APPWIDGET_CONFIGURE" />
55-->src/main/AndroidManifest.xml:40:17-87
55-->src/main/AndroidManifest.xml:40:25-84
56            </intent-filter>
57        </activity>
58
59        <!-- Home Screen Widget -->
60        <receiver
60-->src/main/AndroidManifest.xml:45:9-54:20
61            android:name="com.weeknumber.widget.widget.HomeScreenWidgetProvider"
61-->src/main/AndroidManifest.xml:46:13-60
62            android:exported="true" >
62-->src/main/AndroidManifest.xml:47:13-36
63            <intent-filter>
63-->src/main/AndroidManifest.xml:48:13-50:29
64                <action android:name="android.appwidget.action.APPWIDGET_UPDATE" />
64-->src/main/AndroidManifest.xml:49:17-84
64-->src/main/AndroidManifest.xml:49:25-81
65            </intent-filter>
66
67            <meta-data
67-->src/main/AndroidManifest.xml:51:13-53:60
68                android:name="android.appwidget.provider"
68-->src/main/AndroidManifest.xml:52:17-58
69                android:resource="@xml/home_widget_info" />
69-->src/main/AndroidManifest.xml:53:17-57
70        </receiver>
71
72        <!-- Lock Screen Widget (Android 5.0+) -->
73        <receiver
73-->src/main/AndroidManifest.xml:57:9-66:20
74            android:name="com.weeknumber.widget.widget.LockScreenWidgetProvider"
74-->src/main/AndroidManifest.xml:58:13-60
75            android:exported="true" >
75-->src/main/AndroidManifest.xml:59:13-36
76            <intent-filter>
76-->src/main/AndroidManifest.xml:48:13-50:29
77                <action android:name="android.appwidget.action.APPWIDGET_UPDATE" />
77-->src/main/AndroidManifest.xml:49:17-84
77-->src/main/AndroidManifest.xml:49:25-81
78            </intent-filter>
79
80            <meta-data
80-->src/main/AndroidManifest.xml:51:13-53:60
81                android:name="android.appwidget.provider"
81-->src/main/AndroidManifest.xml:52:17-58
82                android:resource="@xml/lock_screen_widget_info" />
82-->src/main/AndroidManifest.xml:53:17-57
83        </receiver>
84
85        <!-- Boot receiver to update widgets after device restart -->
86        <receiver
86-->src/main/AndroidManifest.xml:69:9-79:20
87            android:name="com.weeknumber.widget.widget.BootReceiver"
87-->src/main/AndroidManifest.xml:70:13-48
88            android:enabled="true"
88-->src/main/AndroidManifest.xml:71:13-35
89            android:exported="true" >
89-->src/main/AndroidManifest.xml:72:13-36
90            <intent-filter>
90-->src/main/AndroidManifest.xml:73:13-78:29
91                <action android:name="android.intent.action.BOOT_COMPLETED" />
91-->src/main/AndroidManifest.xml:74:17-79
91-->src/main/AndroidManifest.xml:74:25-76
92                <action android:name="android.intent.action.MY_PACKAGE_REPLACED" />
92-->src/main/AndroidManifest.xml:75:17-84
92-->src/main/AndroidManifest.xml:75:25-81
93                <action android:name="android.intent.action.PACKAGE_REPLACED" />
93-->src/main/AndroidManifest.xml:76:17-81
93-->src/main/AndroidManifest.xml:76:25-78
94
95                <data android:scheme="package" />
95-->src/main/AndroidManifest.xml:77:17-50
95-->src/main/AndroidManifest.xml:77:23-47
96            </intent-filter>
97        </receiver>
98
99        <activity
99-->[androidx.glance:glance-appwidget:1.0.0] AndroidManifest.xml:23:9-27:40
100            android:name="androidx.glance.appwidget.action.ActionTrampolineActivity"
100-->[androidx.glance:glance-appwidget:1.0.0] AndroidManifest.xml:24:13-85
101            android:enabled="true"
101-->[androidx.glance:glance-appwidget:1.0.0] AndroidManifest.xml:25:13-35
102            android:excludeFromRecents="true"
102-->[androidx.glance:glance-appwidget:1.0.0] AndroidManifest.xml:26:13-46
103            android:exported="false" />
103-->[androidx.glance:glance-appwidget:1.0.0] AndroidManifest.xml:27:13-37
104        <activity
104-->[androidx.glance:glance-appwidget:1.0.0] AndroidManifest.xml:28:9-35:81
105            android:name="androidx.glance.appwidget.action.InvisibleActionTrampolineActivity"
105-->[androidx.glance:glance-appwidget:1.0.0] AndroidManifest.xml:29:13-94
106            android:enabled="true"
106-->[androidx.glance:glance-appwidget:1.0.0] AndroidManifest.xml:30:13-35
107            android:exported="false"
107-->[androidx.glance:glance-appwidget:1.0.0] AndroidManifest.xml:31:13-37
108            android:launchMode="singleInstance"
108-->[androidx.glance:glance-appwidget:1.0.0] AndroidManifest.xml:32:13-48
109            android:noHistory="true"
109-->[androidx.glance:glance-appwidget:1.0.0] AndroidManifest.xml:33:13-37
110            android:taskAffinity="androidx.glance.appwidget.ListAdapterCallbackTrampoline"
110-->[androidx.glance:glance-appwidget:1.0.0] AndroidManifest.xml:34:13-91
111            android:theme="@style/Widget.Glance.AppWidget.CallbackTrampoline" />
111-->[androidx.glance:glance-appwidget:1.0.0] AndroidManifest.xml:35:13-78
112
113        <receiver
113-->[androidx.glance:glance-appwidget:1.0.0] AndroidManifest.xml:37:9-40:40
114            android:name="androidx.glance.appwidget.action.ActionCallbackBroadcastReceiver"
114-->[androidx.glance:glance-appwidget:1.0.0] AndroidManifest.xml:38:13-92
115            android:enabled="true"
115-->[androidx.glance:glance-appwidget:1.0.0] AndroidManifest.xml:39:13-35
116            android:exported="false" />
116-->[androidx.glance:glance-appwidget:1.0.0] AndroidManifest.xml:40:13-37
117        <receiver
117-->[androidx.glance:glance-appwidget:1.0.0] AndroidManifest.xml:41:9-48:20
118            android:name="androidx.glance.appwidget.MyPackageReplacedReceiver"
118-->[androidx.glance:glance-appwidget:1.0.0] AndroidManifest.xml:42:13-79
119            android:enabled="true"
119-->[androidx.glance:glance-appwidget:1.0.0] AndroidManifest.xml:43:13-35
120            android:exported="false" >
120-->[androidx.glance:glance-appwidget:1.0.0] AndroidManifest.xml:44:13-37
121            <intent-filter>
121-->[androidx.glance:glance-appwidget:1.0.0] AndroidManifest.xml:45:13-47:29
122                <action android:name="android.intent.action.MY_PACKAGE_REPLACED" />
122-->src/main/AndroidManifest.xml:75:17-84
122-->src/main/AndroidManifest.xml:75:25-81
123            </intent-filter>
124        </receiver>
125
126        <service
126-->[androidx.glance:glance-appwidget:1.0.0] AndroidManifest.xml:50:9-53:72
127            android:name="androidx.glance.appwidget.GlanceRemoteViewsService"
127-->[androidx.glance:glance-appwidget:1.0.0] AndroidManifest.xml:51:13-78
128            android:exported="true"
128-->[androidx.glance:glance-appwidget:1.0.0] AndroidManifest.xml:52:13-36
129            android:permission="android.permission.BIND_REMOTEVIEWS" />
129-->[androidx.glance:glance-appwidget:1.0.0] AndroidManifest.xml:53:13-69
130
131        <provider
131-->[androidx.emoji2:emoji2:1.2.0] AndroidManifest.xml:24:9-32:20
132            android:name="androidx.startup.InitializationProvider"
132-->[androidx.emoji2:emoji2:1.2.0] AndroidManifest.xml:25:13-67
133            android:authorities="com.weeknumber.widget.androidx-startup"
133-->[androidx.emoji2:emoji2:1.2.0] AndroidManifest.xml:26:13-68
134            android:exported="false" >
134-->[androidx.emoji2:emoji2:1.2.0] AndroidManifest.xml:27:13-37
135            <meta-data
135-->[androidx.emoji2:emoji2:1.2.0] AndroidManifest.xml:29:13-31:52
136                android:name="androidx.emoji2.text.EmojiCompatInitializer"
136-->[androidx.emoji2:emoji2:1.2.0] AndroidManifest.xml:30:17-75
137                android:value="androidx.startup" />
137-->[androidx.emoji2:emoji2:1.2.0] AndroidManifest.xml:31:17-49
138            <meta-data
138-->[androidx.work:work-runtime:2.7.1] AndroidManifest.xml:36:13-38:52
139                android:name="androidx.work.WorkManagerInitializer"
139-->[androidx.work:work-runtime:2.7.1] AndroidManifest.xml:37:17-68
140                android:value="androidx.startup" />
140-->[androidx.work:work-runtime:2.7.1] AndroidManifest.xml:38:17-49
141            <meta-data
141-->[androidx.lifecycle:lifecycle-process:2.6.1] AndroidManifest.xml:29:13-31:52
142                android:name="androidx.lifecycle.ProcessLifecycleInitializer"
142-->[androidx.lifecycle:lifecycle-process:2.6.1] AndroidManifest.xml:30:17-78
143                android:value="androidx.startup" />
143-->[androidx.lifecycle:lifecycle-process:2.6.1] AndroidManifest.xml:31:17-49
144            <meta-data
144-->[androidx.profileinstaller:profileinstaller:1.3.0] AndroidManifest.xml:29:13-31:52
145                android:name="androidx.profileinstaller.ProfileInstallerInitializer"
145-->[androidx.profileinstaller:profileinstaller:1.3.0] AndroidManifest.xml:30:17-85
146                android:value="androidx.startup" />
146-->[androidx.profileinstaller:profileinstaller:1.3.0] AndroidManifest.xml:31:17-49
147        </provider>
148
149        <service
149-->[androidx.core:core-remoteviews:1.0.0] AndroidManifest.xml:24:9-27:63
150            android:name="androidx.core.widget.RemoteViewsCompatService"
150-->[androidx.core:core-remoteviews:1.0.0] AndroidManifest.xml:25:13-73
151            android:permission="android.permission.BIND_REMOTEVIEWS" />
151-->[androidx.core:core-remoteviews:1.0.0] AndroidManifest.xml:26:13-69
152        <service
152-->[androidx.work:work-runtime:2.7.1] AndroidManifest.xml:41:9-46:35
153            android:name="androidx.work.impl.background.systemalarm.SystemAlarmService"
153-->[androidx.work:work-runtime:2.7.1] AndroidManifest.xml:42:13-88
154            android:directBootAware="false"
154-->[androidx.work:work-runtime:2.7.1] AndroidManifest.xml:43:13-44
155            android:enabled="@bool/enable_system_alarm_service_default"
155-->[androidx.work:work-runtime:2.7.1] AndroidManifest.xml:44:13-72
156            android:exported="false" />
156-->[androidx.work:work-runtime:2.7.1] AndroidManifest.xml:45:13-37
157        <service
157-->[androidx.work:work-runtime:2.7.1] AndroidManifest.xml:47:9-53:35
158            android:name="androidx.work.impl.background.systemjob.SystemJobService"
158-->[androidx.work:work-runtime:2.7.1] AndroidManifest.xml:48:13-84
159            android:directBootAware="false"
159-->[androidx.work:work-runtime:2.7.1] AndroidManifest.xml:49:13-44
160            android:enabled="@bool/enable_system_job_service_default"
160-->[androidx.work:work-runtime:2.7.1] AndroidManifest.xml:50:13-70
161            android:exported="true"
161-->[androidx.work:work-runtime:2.7.1] AndroidManifest.xml:51:13-36
162            android:permission="android.permission.BIND_JOB_SERVICE" />
162-->[androidx.work:work-runtime:2.7.1] AndroidManifest.xml:52:13-69
163        <service
163-->[androidx.work:work-runtime:2.7.1] AndroidManifest.xml:54:9-59:35
164            android:name="androidx.work.impl.foreground.SystemForegroundService"
164-->[androidx.work:work-runtime:2.7.1] AndroidManifest.xml:55:13-81
165            android:directBootAware="false"
165-->[androidx.work:work-runtime:2.7.1] AndroidManifest.xml:56:13-44
166            android:enabled="@bool/enable_system_foreground_service_default"
166-->[androidx.work:work-runtime:2.7.1] AndroidManifest.xml:57:13-77
167            android:exported="false" />
167-->[androidx.work:work-runtime:2.7.1] AndroidManifest.xml:58:13-37
168
169        <receiver
169-->[androidx.work:work-runtime:2.7.1] AndroidManifest.xml:61:9-66:35
170            android:name="androidx.work.impl.utils.ForceStopRunnable$BroadcastReceiver"
170-->[androidx.work:work-runtime:2.7.1] AndroidManifest.xml:62:13-88
171            android:directBootAware="false"
171-->[androidx.work:work-runtime:2.7.1] AndroidManifest.xml:63:13-44
172            android:enabled="true"
172-->[androidx.work:work-runtime:2.7.1] AndroidManifest.xml:64:13-35
173            android:exported="false" />
173-->[androidx.work:work-runtime:2.7.1] AndroidManifest.xml:65:13-37
174        <receiver
174-->[androidx.work:work-runtime:2.7.1] AndroidManifest.xml:67:9-77:20
175            android:name="androidx.work.impl.background.systemalarm.ConstraintProxy$BatteryChargingProxy"
175-->[androidx.work:work-runtime:2.7.1] AndroidManifest.xml:68:13-106
176            android:directBootAware="false"
176-->[androidx.work:work-runtime:2.7.1] AndroidManifest.xml:69:13-44
177            android:enabled="false"
177-->[androidx.work:work-runtime:2.7.1] AndroidManifest.xml:70:13-36
178            android:exported="false" >
178-->[androidx.work:work-runtime:2.7.1] AndroidManifest.xml:71:13-37
179            <intent-filter>
179-->[androidx.work:work-runtime:2.7.1] AndroidManifest.xml:73:13-76:29
180                <action android:name="android.intent.action.ACTION_POWER_CONNECTED" />
180-->[androidx.work:work-runtime:2.7.1] AndroidManifest.xml:74:17-87
180-->[androidx.work:work-runtime:2.7.1] AndroidManifest.xml:74:25-84
181                <action android:name="android.intent.action.ACTION_POWER_DISCONNECTED" />
181-->[androidx.work:work-runtime:2.7.1] AndroidManifest.xml:75:17-90
181-->[androidx.work:work-runtime:2.7.1] AndroidManifest.xml:75:25-87
182            </intent-filter>
183        </receiver>
184        <receiver
184-->[androidx.work:work-runtime:2.7.1] AndroidManifest.xml:78:9-88:20
185            android:name="androidx.work.impl.background.systemalarm.ConstraintProxy$BatteryNotLowProxy"
185-->[androidx.work:work-runtime:2.7.1] AndroidManifest.xml:79:13-104
186            android:directBootAware="false"
186-->[androidx.work:work-runtime:2.7.1] AndroidManifest.xml:80:13-44
187            android:enabled="false"
187-->[androidx.work:work-runtime:2.7.1] AndroidManifest.xml:81:13-36
188            android:exported="false" >
188-->[androidx.work:work-runtime:2.7.1] AndroidManifest.xml:82:13-37
189            <intent-filter>
189-->[androidx.work:work-runtime:2.7.1] AndroidManifest.xml:84:13-87:29
190                <action android:name="android.intent.action.BATTERY_OKAY" />
190-->[androidx.work:work-runtime:2.7.1] AndroidManifest.xml:85:17-77
190-->[androidx.work:work-runtime:2.7.1] AndroidManifest.xml:85:25-74
191                <action android:name="android.intent.action.BATTERY_LOW" />
191-->[androidx.work:work-runtime:2.7.1] AndroidManifest.xml:86:17-76
191-->[androidx.work:work-runtime:2.7.1] AndroidManifest.xml:86:25-73
192            </intent-filter>
193        </receiver>
194        <receiver
194-->[androidx.work:work-runtime:2.7.1] AndroidManifest.xml:89:9-99:20
195            android:name="androidx.work.impl.background.systemalarm.ConstraintProxy$StorageNotLowProxy"
195-->[androidx.work:work-runtime:2.7.1] AndroidManifest.xml:90:13-104
196            android:directBootAware="false"
196-->[androidx.work:work-runtime:2.7.1] AndroidManifest.xml:91:13-44
197            android:enabled="false"
197-->[androidx.work:work-runtime:2.7.1] AndroidManifest.xml:92:13-36
198            android:exported="false" >
198-->[androidx.work:work-runtime:2.7.1] AndroidManifest.xml:93:13-37
199            <intent-filter>
199-->[androidx.work:work-runtime:2.7.1] AndroidManifest.xml:95:13-98:29
200                <action android:name="android.intent.action.DEVICE_STORAGE_LOW" />
200-->[androidx.work:work-runtime:2.7.1] AndroidManifest.xml:96:17-83
200-->[androidx.work:work-runtime:2.7.1] AndroidManifest.xml:96:25-80
201                <action android:name="android.intent.action.DEVICE_STORAGE_OK" />
201-->[androidx.work:work-runtime:2.7.1] AndroidManifest.xml:97:17-82
201-->[androidx.work:work-runtime:2.7.1] AndroidManifest.xml:97:25-79
202            </intent-filter>
203        </receiver>
204        <receiver
204-->[androidx.work:work-runtime:2.7.1] AndroidManifest.xml:100:9-109:20
205            android:name="androidx.work.impl.background.systemalarm.ConstraintProxy$NetworkStateProxy"
205-->[androidx.work:work-runtime:2.7.1] AndroidManifest.xml:101:13-103
206            android:directBootAware="false"
206-->[androidx.work:work-runtime:2.7.1] AndroidManifest.xml:102:13-44
207            android:enabled="false"
207-->[androidx.work:work-runtime:2.7.1] AndroidManifest.xml:103:13-36
208            android:exported="false" >
208-->[androidx.work:work-runtime:2.7.1] AndroidManifest.xml:104:13-37
209            <intent-filter>
209-->[androidx.work:work-runtime:2.7.1] AndroidManifest.xml:106:13-108:29
210                <action android:name="android.net.conn.CONNECTIVITY_CHANGE" />
210-->[androidx.work:work-runtime:2.7.1] AndroidManifest.xml:107:17-79
210-->[androidx.work:work-runtime:2.7.1] AndroidManifest.xml:107:25-76
211            </intent-filter>
212        </receiver>
213        <receiver
213-->[androidx.work:work-runtime:2.7.1] AndroidManifest.xml:110:9-121:20
214            android:name="androidx.work.impl.background.systemalarm.RescheduleReceiver"
214-->[androidx.work:work-runtime:2.7.1] AndroidManifest.xml:111:13-88
215            android:directBootAware="false"
215-->[androidx.work:work-runtime:2.7.1] AndroidManifest.xml:112:13-44
216            android:enabled="false"
216-->[androidx.work:work-runtime:2.7.1] AndroidManifest.xml:113:13-36
217            android:exported="false" >
217-->[androidx.work:work-runtime:2.7.1] AndroidManifest.xml:114:13-37
218            <intent-filter>
218-->[androidx.work:work-runtime:2.7.1] AndroidManifest.xml:116:13-120:29
219                <action android:name="android.intent.action.BOOT_COMPLETED" />
219-->src/main/AndroidManifest.xml:74:17-79
219-->src/main/AndroidManifest.xml:74:25-76
220                <action android:name="android.intent.action.TIME_SET" />
220-->[androidx.work:work-runtime:2.7.1] AndroidManifest.xml:118:17-73
220-->[androidx.work:work-runtime:2.7.1] AndroidManifest.xml:118:25-70
221                <action android:name="android.intent.action.TIMEZONE_CHANGED" />
221-->[androidx.work:work-runtime:2.7.1] AndroidManifest.xml:119:17-81
221-->[androidx.work:work-runtime:2.7.1] AndroidManifest.xml:119:25-78
222            </intent-filter>
223        </receiver>
224        <receiver
224-->[androidx.work:work-runtime:2.7.1] AndroidManifest.xml:122:9-131:20
225            android:name="androidx.work.impl.background.systemalarm.ConstraintProxyUpdateReceiver"
225-->[androidx.work:work-runtime:2.7.1] AndroidManifest.xml:123:13-99
226            android:directBootAware="false"
226-->[androidx.work:work-runtime:2.7.1] AndroidManifest.xml:124:13-44
227            android:enabled="@bool/enable_system_alarm_service_default"
227-->[androidx.work:work-runtime:2.7.1] AndroidManifest.xml:125:13-72
228            android:exported="false" >
228-->[androidx.work:work-runtime:2.7.1] AndroidManifest.xml:126:13-37
229            <intent-filter>
229-->[androidx.work:work-runtime:2.7.1] AndroidManifest.xml:128:13-130:29
230                <action android:name="androidx.work.impl.background.systemalarm.UpdateProxies" />
230-->[androidx.work:work-runtime:2.7.1] AndroidManifest.xml:129:17-98
230-->[androidx.work:work-runtime:2.7.1] AndroidManifest.xml:129:25-95
231            </intent-filter>
232        </receiver>
233        <receiver
233-->[androidx.work:work-runtime:2.7.1] AndroidManifest.xml:132:9-142:20
234            android:name="androidx.work.impl.diagnostics.DiagnosticsReceiver"
234-->[androidx.work:work-runtime:2.7.1] AndroidManifest.xml:133:13-78
235            android:directBootAware="false"
235-->[androidx.work:work-runtime:2.7.1] AndroidManifest.xml:134:13-44
236            android:enabled="true"
236-->[androidx.work:work-runtime:2.7.1] AndroidManifest.xml:135:13-35
237            android:exported="true"
237-->[androidx.work:work-runtime:2.7.1] AndroidManifest.xml:136:13-36
238            android:permission="android.permission.DUMP" >
238-->[androidx.work:work-runtime:2.7.1] AndroidManifest.xml:137:13-57
239            <intent-filter>
239-->[androidx.work:work-runtime:2.7.1] AndroidManifest.xml:139:13-141:29
240                <action android:name="androidx.work.diagnostics.REQUEST_DIAGNOSTICS" />
240-->[androidx.work:work-runtime:2.7.1] AndroidManifest.xml:140:17-88
240-->[androidx.work:work-runtime:2.7.1] AndroidManifest.xml:140:25-85
241            </intent-filter>
242        </receiver>
243        <receiver
243-->[androidx.profileinstaller:profileinstaller:1.3.0] AndroidManifest.xml:34:9-52:20
244            android:name="androidx.profileinstaller.ProfileInstallReceiver"
244-->[androidx.profileinstaller:profileinstaller:1.3.0] AndroidManifest.xml:35:13-76
245            android:directBootAware="false"
245-->[androidx.profileinstaller:profileinstaller:1.3.0] AndroidManifest.xml:36:13-44
246            android:enabled="true"
246-->[androidx.profileinstaller:profileinstaller:1.3.0] AndroidManifest.xml:37:13-35
247            android:exported="true"
247-->[androidx.profileinstaller:profileinstaller:1.3.0] AndroidManifest.xml:38:13-36
248            android:permission="android.permission.DUMP" >
248-->[androidx.profileinstaller:profileinstaller:1.3.0] AndroidManifest.xml:39:13-57
249            <intent-filter>
249-->[androidx.profileinstaller:profileinstaller:1.3.0] AndroidManifest.xml:40:13-42:29
250                <action android:name="androidx.profileinstaller.action.INSTALL_PROFILE" />
250-->[androidx.profileinstaller:profileinstaller:1.3.0] AndroidManifest.xml:41:17-91
250-->[androidx.profileinstaller:profileinstaller:1.3.0] AndroidManifest.xml:41:25-88
251            </intent-filter>
252            <intent-filter>
252-->[androidx.profileinstaller:profileinstaller:1.3.0] AndroidManifest.xml:43:13-45:29
253                <action android:name="androidx.profileinstaller.action.SKIP_FILE" />
253-->[androidx.profileinstaller:profileinstaller:1.3.0] AndroidManifest.xml:44:17-85
253-->[androidx.profileinstaller:profileinstaller:1.3.0] AndroidManifest.xml:44:25-82
254            </intent-filter>
255            <intent-filter>
255-->[androidx.profileinstaller:profileinstaller:1.3.0] AndroidManifest.xml:46:13-48:29
256                <action android:name="androidx.profileinstaller.action.SAVE_PROFILE" />
256-->[androidx.profileinstaller:profileinstaller:1.3.0] AndroidManifest.xml:47:17-88
256-->[androidx.profileinstaller:profileinstaller:1.3.0] AndroidManifest.xml:47:25-85
257            </intent-filter>
258            <intent-filter>
258-->[androidx.profileinstaller:profileinstaller:1.3.0] AndroidManifest.xml:49:13-51:29
259                <action android:name="androidx.profileinstaller.action.BENCHMARK_OPERATION" />
259-->[androidx.profileinstaller:profileinstaller:1.3.0] AndroidManifest.xml:50:17-95
259-->[androidx.profileinstaller:profileinstaller:1.3.0] AndroidManifest.xml:50:25-92
260            </intent-filter>
261        </receiver>
262
263        <service
263-->[androidx.room:room-runtime:2.2.5] AndroidManifest.xml:25:9-28:40
264            android:name="androidx.room.MultiInstanceInvalidationService"
264-->[androidx.room:room-runtime:2.2.5] AndroidManifest.xml:26:13-74
265            android:directBootAware="true"
265-->[androidx.room:room-runtime:2.2.5] AndroidManifest.xml:27:13-43
266            android:exported="false" />
266-->[androidx.room:room-runtime:2.2.5] AndroidManifest.xml:28:13-37
267    </application>
268
269</manifest>